<?xml version="1.0" encoding="UTF-8"?>
<!-- Generated by org.testng.reporters.JUnitXMLReporter -->
<testsuite ignored="0" hostname="Hemant-PC" failures="1" tests="6" name="Test" time="19.217" errors="0" timestamp="2024-07-16T13:24:07 IST">
  <testcase classname="TestLayer.LoginPageTest" name="validateLoginFunctionality" time="0.55"/>
  <testcase classname="TestLayer.HomePageTest" name="validateHomePageLogo" time="3.143"/>
  <testcase classname="TestLayer.HomePageTest" name="validateHomePageText" time="0.087">
    <failure type="java.lang.AssertionError" message="expected [Deals Summary] but found []">
      <![CDATA[java.lang.AssertionError: expected [Deals Summary] but found []
at TestLayer.HomePageTest.validateHomePageText(HomePageTest.java:24)
at java.base/java.util.ArrayList.forEach(ArrayList.java:1597)
... Removed 31 stack frames]]>
    </failure>
  </testcase> <!-- validateHomePageText -->
  <testcase classname="TestLayer.HomePageTest" name="validateHomePageTitle" time="0.021"/>
  <testcase classname="TestLayer.HomePageTest" name="validateHomePageUrl" time="0.019"/>
  <testcase classname="TestLayer.ContactPageTest" name="validateNewContact" time="3.015"/>
</testsuite> <!-- Test -->
