<?xml version="1.0" encoding="UTF-8"?>
<testng-results ignored="0" total="6" passed="5" failed="1" skipped="0">
  <reporter-output>
  </reporter-output>
  <suite started-at="2024-07-16T13:23:48 IST" name="Suite" finished-at="2024-07-16T13:24:07 IST" duration-ms="19217">
    <groups>
    </groups>
    <test started-at="2024-07-16T13:23:48 IST" name="Test" finished-at="2024-07-16T13:24:07 IST" duration-ms="19217">
      <class name="TestLayer.HomePageTest">
        <test-method signature="validateHomePageLogo()[pri:1, instance:TestLayer.HomePageTest@302c971f]" started-at="2024-07-16T13:24:01 IST" name="validateHomePageLogo" finished-at="2024-07-16T13:24:04 IST" duration-ms="3143" status="PASS">
          <reporter-output>
          </reporter-output>
        </test-method> <!-- validateHomePageLogo -->
        <test-method signature="validateHomePageText()[pri:2, instance:TestLayer.HomePageTest@302c971f]" started-at="2024-07-16T13:24:04 IST" name="validateHomePageText" finished-at="2024-07-16T13:24:04 IST" duration-ms="87" status="FAIL">
          <exception class="java.lang.AssertionError">
            <message>
              <![CDATA[expected [Deals Summary] but found []]]>
            </message>
            <full-stacktrace>
              <![CDATA[java.lang.AssertionError: expected [Deals Summary] but found []
at org.testng.Assert.fail(Assert.java:110)
at org.testng.Assert.failNotEquals(Assert.java:1577)
at org.testng.Assert.assertEqualsImpl(Assert.java:149)
at org.testng.Assert.assertEquals(Assert.java:131)
at org.testng.Assert.assertEquals(Assert.java:655)
at org.testng.Assert.assertEquals(Assert.java:665)
at TestLayer.HomePageTest.validateHomePageText(HomePageTest.java:24)
at java.base/jdk.internal.reflect.DirectMethodHandleAccessor.invoke(DirectMethodHandleAccessor.java:103)
at java.base/java.lang.reflect.Method.invoke(Method.java:580)
at org.testng.internal.invokers.MethodInvocationHelper.invokeMethod(MethodInvocationHelper.java:139)
at org.testng.internal.invokers.TestInvoker.invokeMethod(TestInvoker.java:677)
at org.testng.internal.invokers.TestInvoker.invokeTestMethod(TestInvoker.java:221)
at org.testng.internal.invokers.MethodRunner.runInSequence(MethodRunner.java:50)
at org.testng.internal.invokers.TestInvoker$MethodInvocationAgent.invoke(TestInvoker.java:969)
at org.testng.internal.invokers.TestInvoker.invokeTestMethods(TestInvoker.java:194)
at org.testng.internal.invokers.TestMethodWorker.invokeTestMethods(TestMethodWorker.java:148)
at org.testng.internal.invokers.TestMethodWorker.run(TestMethodWorker.java:128)
at java.base/java.util.ArrayList.forEach(ArrayList.java:1597)
at org.testng.TestRunner.privateRun(TestRunner.java:829)
at org.testng.TestRunner.run(TestRunner.java:602)
at org.testng.SuiteRunner.runTest(SuiteRunner.java:437)
at org.testng.SuiteRunner.runSequentially(SuiteRunner.java:431)
at org.testng.SuiteRunner.privateRun(SuiteRunner.java:391)
at org.testng.SuiteRunner.run(SuiteRunner.java:330)
at org.testng.SuiteRunnerWorker.runSuite(SuiteRunnerWorker.java:52)
at org.testng.SuiteRunnerWorker.run(SuiteRunnerWorker.java:95)
at org.testng.TestNG.runSuitesSequentially(TestNG.java:1256)
at org.testng.TestNG.runSuitesLocally(TestNG.java:1176)
at org.testng.TestNG.runSuites(TestNG.java:1099)
at org.testng.TestNG.run(TestNG.java:1067)
at org.testng.remote.AbstractRemoteTestNG.run(AbstractRemoteTestNG.java:115)
at org.testng.remote.RemoteTestNG.initAndRun(RemoteTestNG.java:293)
at org.testng.remote.RemoteTestNG.main(RemoteTestNG.java:91)
]]>
            </full-stacktrace>
          </exception> <!-- java.lang.AssertionError -->
          <reporter-output>
          </reporter-output>
        </test-method> <!-- validateHomePageText -->
        <test-method signature="validateHomePageTitle()[pri:3, instance:TestLayer.HomePageTest@302c971f]" started-at="2024-07-16T13:24:04 IST" name="validateHomePageTitle" finished-at="2024-07-16T13:24:04 IST" duration-ms="21" status="PASS">
          <reporter-output>
          </reporter-output>
        </test-method> <!-- validateHomePageTitle -->
        <test-method signature="validateHomePageUrl()[pri:4, instance:TestLayer.HomePageTest@302c971f]" started-at="2024-07-16T13:24:04 IST" name="validateHomePageUrl" finished-at="2024-07-16T13:24:04 IST" duration-ms="19" status="PASS">
          <reporter-output>
          </reporter-output>
        </test-method> <!-- validateHomePageUrl -->
      </class> <!-- TestLayer.HomePageTest -->
      <class name="TestLayer.ContactPageTest">
        <test-method signature="validateNewContact()[pri:1, instance:TestLayer.ContactPageTest@1972e513]" started-at="2024-07-16T13:24:04 IST" name="validateNewContact" finished-at="2024-07-16T13:24:07 IST" duration-ms="3015" status="PASS">
          <reporter-output>
          </reporter-output>
        </test-method> <!-- validateNewContact -->
      </class> <!-- TestLayer.ContactPageTest -->
      <class name="TestLayer.LoginPageTest">
        <test-method is-config="true" signature="setUp(java.lang.String)[pri:0, instance:TestLayer.LoginPageTest@359df09a]" started-at="2024-07-16T13:23:48 IST" name="setUp" finished-at="2024-07-16T13:24:00 IST" duration-ms="12289" status="PASS">
          <params>
            <param index="0">
              <value>
                <![CDATA[chrome]]>
              </value>
            </param>
          </params>
          <reporter-output>
          </reporter-output>
        </test-method> <!-- setUp -->
        <test-method signature="validateLoginFunctionality()[pri:0, instance:TestLayer.LoginPageTest@359df09a]" started-at="2024-07-16T13:24:00 IST" name="validateLoginFunctionality" finished-at="2024-07-16T13:24:01 IST" duration-ms="550" status="PASS">
          <reporter-output>
          </reporter-output>
        </test-method> <!-- validateLoginFunctionality -->
        <test-method is-config="true" signature="tearDown()[pri:0, instance:TestLayer.LoginPageTest@359df09a]" started-at="2024-07-16T13:24:07 IST" name="tearDown" finished-at="2024-07-16T13:24:07 IST" duration-ms="0" status="PASS">
          <reporter-output>
          </reporter-output>
        </test-method> <!-- tearDown -->
      </class> <!-- TestLayer.LoginPageTest -->
    </test> <!-- Test -->
  </suite> <!-- Suite -->
</testng-results>
